<?xml version="1.0" encoding="UTF-8"?>
<!-- Generated by org.testng.reporters.JUnitReportReporter -->
<testsuite skipped="0" hostname="DESKTOP-35GNI5I" name="toDoListTests.TodosTests" tests="1" failures="0" timestamp="11 Oct 2016 03:19:57 GMT" time="8.500" errors="0">
  <testcase name="createToDoItemAndDeleteIt" time="8.500" classname="toDoListTests.TodosTests"/>
</testsuite> <!-- toDoListTests.TodosTests -->
